<?xml version="1.0" encoding="UTF-8"?>
<!-- Generated by org.testng.reporters.JUnitReportReporter -->
<testsuite skipped="0" hostname="JAISHANKAR" name="sample2.GitSampleProgram" tests="1" failures="0" timestamp="20 May 2018 10:19:52 GMT" time="0.012" errors="0">
  <testcase name="display1" time="0.012" classname="sample2.GitSampleProgram"/>
</testsuite> <!-- sample2.GitSampleProgram -->
